This is pdfTeX, Version 3.14159265-2.6-1.40.19 (MiKTeX 2.9.6630) (preloaded format=pdflatex 2018.3.31)  3 APR 2018 23:48
entering extended mode
**F:/Unity2017WF/Skyrmion/Assets/Doc/Manual.tex
(F:/Unity2017WF/Skyrmion/Assets/Doc/Manual.tex
LaTeX2e <2017-04-15>
Babel <3.18> and hyphenation patterns for 74 language(s) loaded.
(D:\CTEX\MiKTeX\tex\latex\revtex4\revtex4.cls
Document Class: revtex4 2001/08/03 v4.0 (http://publish.aps.org/revtex4/ for do
cumentation)
 Copyright (c) 2001 The American Physical Society.
 mailto:revtex@aps.org
 Licensed under the LPPL:
http://www.ctan.org/tex-archive/macros/latex/base/lppl.txt
 Arthur Ogawa <ogawa@teleport.com>
 Based on work by David Carlisle <david@dcarlisle.demon.co.uk>.
ltxutil: portions licensed from W. E. Baxter (web@superscript.com)
Class revtex4 Info: Repairing broken LateX \@sect on input line 596.
\intertabularlinepenalty=\count79
\@tbpen=\count80
\@arstrutbox@hline=\box26
Class revtex4 Info: Repairing broken LaTeX \@xbitor on input line 1610.
ltxgrid: portions licensed from W. E. Baxter (web@superscript.com)
\c@linecount=\count81
\output=\toks14
\@protection@box=\box27
\@topmark@saved=\toks15
\footins@saved=\box28
\pagesofar=\box29
\footbox=\box30
\pagegrid@col=\count82
Class revtex4 Info: Incorporating package {textcase}  [1998/11/12 v0.06 Text on
ly upper/lower case changing (DPC)]. on input line 3682.
(D:\CTEX\MiKTeX\tex\latex\url\url.sty
\Urlmuskip=\muskip10
Package: url 2013/09/16  ver 3.4  Verb mode for urls, etc.
)
\c@affil=\count83
\absbox=\box31
\c@part=\count84
\c@section=\count85
\c@subsection=\count86
\c@subsubsection=\count87
\c@paragraph=\count88
\c@subparagraph=\count89
\abovecaptionskip=\skip41
\belowcaptionskip=\skip42
\c@figure=\count90
\c@table=\count91

(D:\CTEX\MiKTeX\tex\latex\natbib\natbib.sty
Package: natbib 2010/09/13 8.31b (PWD, AO)
\bibhang=\skip43
\bibsep=\skip44
LaTeX Info: Redefining \cite on input line 694.
\c@NAT@ctr=\count92
)
\widetext@top=\box32
\widetext@bot=\box33

(D:\CTEX\MiKTeX\tex\latex\revtex4\revsymb.sty
Package: revsymb 2001/08/03 v4.0 (http://publish.aps.org/revtex4/ for documenta
tion)
LaTeX Info: Redefining \REV@mathfrak on input line 118.
))
(D:\CTEX\MiKTeX\tex\latex\revtex4\aps.rtx
File: aps.rtx 2001/08/03 v4.0 (http://publish.aps.org/revtex4/ for documentatio
n)
)
(D:\CTEX\MiKTeX\tex\latex\revtex4\10pt.rtx
File: 10pt.rtx 2001/08/03 v4.0 (http://publish.aps.org/revtex4/ for documentati
on)
)
(D:\CTEX\MiKTeX\tex\latex\graphics\graphicx.sty
Package: graphicx 2017/06/01 v1.1a Enhanced LaTeX Graphics (DPC,SPQR)

(D:\CTEX\MiKTeX\tex\latex\graphics\keyval.sty
Package: keyval 2014/10/28 v1.15 key=value parser (DPC)
\KV@toks@=\toks16
)
(D:\CTEX\MiKTeX\tex\latex\graphics\graphics.sty
Package: graphics 2017/06/25 v1.2c Standard LaTeX Graphics (DPC,SPQR)

(D:\CTEX\MiKTeX\tex\latex\graphics\trig.sty
Package: trig 2016/01/03 v1.10 sin cos tan (DPC)
)
(D:\CTEX\UserData\tex\latex\graphics-cfg\graphics.cfg
File: graphics.cfg 2016/06/04 v1.11 sample graphics configuration
)
Package graphics Info: Driver file: pdftex.def on input line 99.

(D:\CTEX\UserData\tex\latex\graphics-def\pdftex.def
File: pdftex.def 2018/01/08 v1.0l Graphics/color driver for pdftex
))
\Gin@req@height=\dimen102
\Gin@req@width=\dimen103
)
(D:\CTEX\MiKTeX\tex\latex\float\float.sty
Package: float 2001/11/08 v1.3d Float enhancements (AL)
\c@float@type=\count93
\float@exts=\toks17
\float@box=\box34
\@float@everytoks=\toks18
\@floatcapt=\box35
)
(D:\CTEX\MiKTeX\tex\latex\tools\dcolumn.sty
Package: dcolumn 2014/10/28 v1.06 decimal alignment package (DPC)

(D:\CTEX\MiKTeX\tex\latex\tools\array.sty
Package: array 2016/10/06 v2.4d Tabular extension package (FMi)
\col@sep=\dimen104
\extrarowheight=\dimen105
\NC@list=\toks19
\extratabsurround=\skip45
\backup@length=\skip46
))
(D:\CTEX\MiKTeX\tex\latex\tools\bm.sty
Package: bm 2017/01/16 v1.2c Bold Symbol Support (DPC/FMi)
\symboldoperators=\mathgroup4
\symboldletters=\mathgroup5
\symboldsymbols=\mathgroup6
LaTeX Font Info:    Redeclaring math alphabet \mathbf on input line 141.
LaTeX Info: Redefining \bm on input line 207.
)
(D:\CTEX\MiKTeX\tex\latex\amsfonts\amssymb.sty
Package: amssymb 2013/01/14 v3.01 AMS font symbols

(D:\CTEX\MiKTeX\tex\latex\amsfonts\amsfonts.sty
Package: amsfonts 2013/01/14 v3.01 Basic AMSFonts support
\@emptytoks=\toks20
\symAMSa=\mathgroup7
\symAMSb=\mathgroup8
LaTeX Font Info:    Overwriting math alphabet `\mathfrak' in version `bold'
(Font)                  U/euf/m/n --> U/euf/b/n on input line 106.
LaTeX Info: Redefining \frak on input line 111.
LaTeX Info: Redefining \Bbb on input line 113.
))
(D:\CTEX\MiKTeX\tex\latex\carlisle\slashed.sty
Package: slashed 1997/01/16 v0.01 Feynman Slashed Character Notation (DPC)
)
(D:\CTEX\UserData\tex\latex\amsmath\amsmath.sty
Package: amsmath 2017/09/02 v2.17a AMS math features
\@mathmargin=\skip47

For additional information on amsmath, use the `?' option.
(D:\CTEX\UserData\tex\latex\amsmath\amstext.sty
Package: amstext 2000/06/29 v2.01 AMS text

(D:\CTEX\UserData\tex\latex\amsmath\amsgen.sty
File: amsgen.sty 1999/11/30 v2.0 generic functions
\@emptytoks=\toks21
\ex@=\dimen106
))
(D:\CTEX\UserData\tex\latex\amsmath\amsbsy.sty
Package: amsbsy 1999/11/29 v1.2d Bold Symbols
LaTeX Info: Redefining \boldsymbol on input line 28.
\pmbraise@=\dimen107
)
(D:\CTEX\UserData\tex\latex\amsmath\amsopn.sty
Package: amsopn 2016/03/08 v2.02 operator names
)
\inf@bad=\count94
LaTeX Info: Redefining \frac on input line 213.
\uproot@=\count95
\leftroot@=\count96
LaTeX Info: Redefining \overline on input line 375.
\classnum@=\count97
\DOTSCASE@=\count98
LaTeX Info: Redefining \ldots on input line 472.
LaTeX Info: Redefining \dots on input line 475.
LaTeX Info: Redefining \cdots on input line 596.
\Mathstrutbox@=\box36
\strutbox@=\box37
\big@size=\dimen108
LaTeX Font Info:    Redeclaring font encoding OML on input line 712.
LaTeX Font Info:    Redeclaring font encoding OMS on input line 713.
\macc@depth=\count99
\c@MaxMatrixCols=\count100
\dotsspace@=\muskip11
\c@parentequation=\count101
\dspbrk@lvl=\count102
\tag@help=\toks22
\row@=\count103
\column@=\count104
\maxfields@=\count105
\andhelp@=\toks23
\eqnshift@=\dimen109
\alignsep@=\dimen110
\tagshift@=\dimen111
\tagwidth@=\dimen112
\totwidth@=\dimen113
\lineht@=\dimen114
\@envbody=\toks24
\multlinegap=\skip48
\multlinetaggap=\skip49
\mathdisplay@stack=\toks25
LaTeX Info: Redefining \[ on input line 2817.
LaTeX Info: Redefining \] on input line 2818.
)
(D:\CTEX\MiKTeX\tex\latex\simplewick\simplewick.sty
Package: simplewick 2007/11/23 v1.2a

Package: simplewick v1.2a (2007/11/23)
\swb@xone=\box38
\swb@xtwo=\box39
\swb@xthree=\box40
\swb@xfour=\box41
\swdimen@ne=\dimen115
\swdimentw@=\dimen116
) (D:\CTEX\MiKTeX\tex\latex\tools\verbatim.sty
Package: verbatim 2014/10/28 v1.5q LaTeX2e package for verbatim enhancements
\every@verbatim=\toks26
\verbatim@line=\toks27
\verbatim@in@stream=\read1
)
(D:\CTEX\MiKTeX\tex\latex\graphics\color.sty
Package: color 2016/07/10 v1.1e Standard LaTeX Color (DPC)

(D:\CTEX\UserData\tex\latex\graphics-cfg\color.cfg
File: color.cfg 2016/01/02 v1.6 sample color configuration
)
Package color Info: Driver file: pdftex.def on input line 147.
)
(D:\CTEX\MiKTeX\tex\latex\appendix\appendix.sty
Package: appendix 2009/09/02 v1.2b extra appendix facilities
\c@@pps=\count106
\c@@ppsavesec=\count107
\c@@ppsaveapp=\count108
)
(D:\CTEX\MiKTeX\tex\latex\oberdiek\epstopdf.sty
Package: epstopdf 2016/05/15 v2.6 Conversion with epstopdf on the fly (HO)

(D:\CTEX\MiKTeX\tex\latex\oberdiek\epstopdf-base.sty
Package: epstopdf-base 2016/05/15 v2.6 Base part for package epstopdf

(D:\CTEX\MiKTeX\tex\generic\oberdiek\infwarerr.sty
Package: infwarerr 2016/05/16 v1.4 Providing info/warning/error messages (HO)
)
(D:\CTEX\MiKTeX\tex\latex\oberdiek\grfext.sty
Package: grfext 2016/05/16 v1.2 Manage graphics extensions (HO)

(D:\CTEX\MiKTeX\tex\generic\oberdiek\kvdefinekeys.sty
Package: kvdefinekeys 2016/05/16 v1.4 Define keys (HO)

(D:\CTEX\MiKTeX\tex\generic\oberdiek\ltxcmds.sty
Package: ltxcmds 2016/05/16 v1.23 LaTeX kernel commands for general use (HO)
)))
(D:\CTEX\MiKTeX\tex\latex\oberdiek\kvoptions.sty
Package: kvoptions 2016/05/16 v3.12 Key value format for package options (HO)

(D:\CTEX\MiKTeX\tex\generic\oberdiek\kvsetkeys.sty
Package: kvsetkeys 2016/05/16 v1.17 Key value parser (HO)

(D:\CTEX\MiKTeX\tex\generic\oberdiek\etexcmds.sty
Package: etexcmds 2016/05/16 v1.6 Avoid name clashes with e-TeX commands (HO)

(D:\CTEX\MiKTeX\tex\generic\oberdiek\ifluatex.sty
Package: ifluatex 2016/05/16 v1.4 Provides the ifluatex switch (HO)
Package ifluatex Info: LuaTeX not detected.
)
Package etexcmds Info: Could not find \expanded.
(etexcmds)             That can mean that you are not using pdfTeX 1.50 or
(etexcmds)             that some package has redefined \expanded.
(etexcmds)             In the latter case, load this package earlier.
)))
(D:\CTEX\MiKTeX\tex\generic\oberdiek\pdftexcmds.sty
Package: pdftexcmds 2018/01/21 v0.26 Utility functions of pdfTeX for LuaTeX (HO
)

(D:\CTEX\MiKTeX\tex\generic\oberdiek\ifpdf.sty
Package: ifpdf 2017/03/15 v3.2 Provides the ifpdf switch
)
Package pdftexcmds Info: LuaTeX not detected.
Package pdftexcmds Info: \pdf@primitive is available.
Package pdftexcmds Info: \pdf@ifprimitive is available.
Package pdftexcmds Info: \pdfdraftmode found.
)
Package epstopdf-base Info: Redefining graphics rule for `.eps' on input line 4
38.
Package grfext Info: Graphics extension search list:
(grfext)             [.pdf,.png,.jpg,.mps,.jpeg,.jbig2,.jb2,.PDF,.PNG,.JPG,.JPE
G,.JBIG2,.JB2,.eps]
(grfext)             \AppendGraphicsExtensions on input line 456.
))
(D:\CTEX\MiKTeX\tex\latex\subfig\subfig.sty
Package: subfig 2005/06/28 ver: 1.3 subfig package

(D:\CTEX\MiKTeX\tex\latex\caption\caption.sty
Package: caption 2016/02/21 v3.3-144 Customizing captions (AR)

(D:\CTEX\MiKTeX\tex\latex\caption\caption3.sty
Package: caption3 2016/05/22 v1.7-166 caption3 kernel (AR)
Package caption3 Info: TeX engine: e-TeX on input line 67.
\captionmargin=\dimen117
\captionmargin@=\dimen118
\captionwidth=\dimen119
\caption@tempdima=\dimen120
\caption@indent=\dimen121
\caption@parindent=\dimen122
\caption@hangindent=\dimen123
Package caption Info: Unknown document class (or package),
(caption)             standard defaults will be used.
)

Package caption Warning: Unsupported document class (or package) detected,
(caption)                usage of the caption package is not recommended.
See the caption package documentation for explanation.

Package caption Info: \@makecaption = \long macro:#1#2->\par \vskip \abovecapti
onskip \begingroup \small \rmfamily \sbox \@tempboxa {\let \\\heading@cr #1: #2
}\@ifdim {\wd \@tempboxa >\hsize }{\begingroup \samepage \flushing \let \footno
te \@footnotemark@gobble #1: #2\par \endgroup }{\global \@minipagefalse \hb@xt@
 \hsize {\hfil \unhbox \@tempboxa \hfil }}\endgroup \vskip \belowcaptionskip .
\c@ContinuedFloat=\count109
Package caption Info: float package is loaded.
)
\c@KVtest=\count110
\sf@farskip=\skip50
\sf@captopadj=\dimen124
\sf@capskip=\skip51
\sf@nearskip=\skip52
\c@subfigure=\count111
\c@subfigure@save=\count112
\c@lofdepth=\count113
\c@subtable=\count114
\c@subtable@save=\count115
\c@lotdepth=\count116
\sf@top=\skip53
\sf@bottom=\skip54
) (D:\CTEX\MiKTeX\tex\latex\listings\listings.sty
\lst@mode=\count117
\lst@gtempboxa=\box42
\lst@token=\toks28
\lst@length=\count118
\lst@currlwidth=\dimen125
\lst@column=\count119
\lst@pos=\count120
\lst@lostspace=\dimen126
\lst@width=\dimen127
\lst@newlines=\count121
\lst@lineno=\count122
\lst@maxwidth=\dimen128

(D:\CTEX\MiKTeX\tex\latex\listings\lstmisc.sty
File: lstmisc.sty 2015/06/04 1.6 (Carsten Heinz)
\c@lstnumber=\count123
\lst@skipnumbers=\count124
\lst@framebox=\box43
)
(D:\CTEX\MiKTeX\tex\latex\listings\listings.cfg
File: listings.cfg 2015/06/04 1.6 listings configuration
))
Package: listings 2015/06/04 1.6 (Carsten Heinz)

(D:\CTEX\MiKTeX\tex\latex\xcolor\xcolor.sty
Package: xcolor 2016/05/11 v2.12 LaTeX color extensions (UK)

(D:\CTEX\UserData\tex\latex\graphics-cfg\color.cfg
File: color.cfg 2016/01/02 v1.6 sample color configuration
)
Package xcolor Info: Driver file: pdftex.def on input line 225.
LaTeX Info: Redefining \color on input line 709.
Package xcolor Info: Model `cmy' substituted by `cmy0' on input line 1348.
Package xcolor Info: Model `hsb' substituted by `rgb' on input line 1352.
Package xcolor Info: Model `RGB' extended on input line 1364.
Package xcolor Info: Model `HTML' substituted by `rgb' on input line 1366.
Package xcolor Info: Model `Hsb' substituted by `hsb' on input line 1367.
Package xcolor Info: Model `tHsb' substituted by `hsb' on input line 1368.
Package xcolor Info: Model `HSB' substituted by `hsb' on input line 1369.
Package xcolor Info: Model `Gray' substituted by `gray' on input line 1370.
Package xcolor Info: Model `wave' substituted by `hsb' on input line 1371.
)
(D:\CTEX\MiKTeX\tex\latex\hyperref\hyperref.sty
Package: hyperref 2018/02/06 v6.86b Hypertext links for LaTeX

(D:\CTEX\MiKTeX\tex\generic\oberdiek\hobsub-hyperref.sty
Package: hobsub-hyperref 2016/05/16 v1.14 Bundle oberdiek, subset hyperref (HO)


(D:\CTEX\MiKTeX\tex\generic\oberdiek\hobsub-generic.sty
Package: hobsub-generic 2016/05/16 v1.14 Bundle oberdiek, subset generic (HO)
Package: hobsub 2016/05/16 v1.14 Construct package bundles (HO)
Package hobsub Info: Skipping package `infwarerr' (already loaded).
Package hobsub Info: Skipping package `ltxcmds' (already loaded).
Package hobsub Info: Skipping package `ifluatex' (already loaded).
Package: ifvtex 2016/05/16 v1.6 Detect VTeX and its facilities (HO)
Package ifvtex Info: VTeX not detected.
Package: intcalc 2016/05/16 v1.2 Expandable calculations with integers (HO)
Package hobsub Info: Skipping package `ifpdf' (already loaded).
Package hobsub Info: Skipping package `etexcmds' (already loaded).
Package hobsub Info: Skipping package `kvsetkeys' (already loaded).
Package hobsub Info: Skipping package `kvdefinekeys' (already loaded).
Package hobsub Info: Skipping package `pdftexcmds' (already loaded).
Package: pdfescape 2016/05/16 v1.14 Implements pdfTeX's escape features (HO)
Package: bigintcalc 2016/05/16 v1.4 Expandable calculations on big integers (HO
)
Package: bitset 2016/05/16 v1.2 Handle bit-vector datatype (HO)
Package: uniquecounter 2016/05/16 v1.3 Provide unlimited unique counter (HO)
)
Package hobsub Info: Skipping package `hobsub' (already loaded).
Package: letltxmacro 2016/05/16 v1.5 Let assignment for LaTeX macros (HO)
Package: hopatch 2016/05/16 v1.3 Wrapper for package hooks (HO)
Package: xcolor-patch 2016/05/16 xcolor patch
Package: atveryend 2016/05/16 v1.9 Hooks at the very end of document (HO)
Package: atbegshi 2016/06/09 v1.18 At begin shipout hook (HO)
Package: refcount 2016/05/16 v3.5 Data extraction from label references (HO)
Package: hycolor 2016/05/16 v1.8 Color options for hyperref/bookmark (HO)
)
(D:\CTEX\MiKTeX\tex\generic\ifxetex\ifxetex.sty
Package: ifxetex 2010/09/12 v0.6 Provides ifxetex conditional
)
(D:\CTEX\MiKTeX\tex\latex\oberdiek\auxhook.sty
Package: auxhook 2016/05/16 v1.4 Hooks for auxiliary files (HO)
)
\@linkdim=\dimen129
\Hy@linkcounter=\count125
\Hy@pagecounter=\count126

(D:\CTEX\MiKTeX\tex\latex\hyperref\pd1enc.def
File: pd1enc.def 2018/02/06 v6.86b Hyperref: PDFDocEncoding definition (HO)
)
\Hy@SavedSpaceFactor=\count127

(D:\CTEX\MiKTeX\tex\latex\00miktex\hyperref.cfg
File: hyperref.cfg 2002/06/06 v1.2 hyperref configuration of TeXLive
)
Package hyperref Info: Option `bookmarks' set `true' on input line 4383.
Package hyperref Info: Option `colorlinks' set `true' on input line 4383.
Package hyperref Info: Option `unicode' set `true' on input line 4383.

(D:\CTEX\MiKTeX\tex\latex\hyperref\puenc.def
File: puenc.def 2018/02/06 v6.86b Hyperref: PDF Unicode definition (HO)
)
Package hyperref Info: Hyper figures OFF on input line 4509.
Package hyperref Info: Link nesting OFF on input line 4514.
Package hyperref Info: Hyper index ON on input line 4517.
Package hyperref Info: Plain pages OFF on input line 4524.
Package hyperref Info: Backreferencing OFF on input line 4529.
Package hyperref Info: Implicit mode ON; LaTeX internals redefined.
Package hyperref Info: Bookmarks ON on input line 4762.
\c@Hy@tempcnt=\count128
LaTeX Info: Redefining \url on input line 5115.
\XeTeXLinkMargin=\dimen130
\Fld@menulength=\count129
\Field@Width=\dimen131
\Fld@charsize=\dimen132
Package hyperref Info: Hyper figures OFF on input line 6369.
Package hyperref Info: Link nesting OFF on input line 6374.
Package hyperref Info: Hyper index ON on input line 6377.
Package hyperref Info: backreferencing OFF on input line 6384.
Package hyperref Info: Link coloring ON on input line 6387.
Package hyperref Info: Link coloring with OCG OFF on input line 6394.
Package hyperref Info: PDF/A mode OFF on input line 6399.
LaTeX Info: Redefining \ref on input line 6439.
LaTeX Info: Redefining \pageref on input line 6443.
\Hy@abspage=\count130
\c@Item=\count131
\c@Hfootnote=\count132
)
Package hyperref Info: Driver (autodetected): hpdftex.

(D:\CTEX\MiKTeX\tex\latex\hyperref\hpdftex.def
File: hpdftex.def 2018/02/06 v6.86b Hyperref driver for pdfTeX
\Fld@listcount=\count133
\c@bookmark@seq@number=\count134

(D:\CTEX\MiKTeX\tex\latex\oberdiek\rerunfilecheck.sty
Package: rerunfilecheck 2016/05/16 v1.8 Rerun checks for auxiliary files (HO)
Package uniquecounter Info: New unique counter `rerunfilecheck' on input line 2
82.
)
\Hy@SectionHShift=\skip55
) (Manual.aux)
\openout1 = `Manual.aux'.

LaTeX Font Info:    Checking defaults for OML/cmm/m/it on input line 29.
LaTeX Font Info:    ... okay on input line 29.
LaTeX Font Info:    Checking defaults for T1/cmr/m/n on input line 29.
LaTeX Font Info:    ... okay on input line 29.
LaTeX Font Info:    Checking defaults for OT1/cmr/m/n on input line 29.
LaTeX Font Info:    ... okay on input line 29.
LaTeX Font Info:    Checking defaults for OMS/cmsy/m/n on input line 29.
LaTeX Font Info:    ... okay on input line 29.
LaTeX Font Info:    Checking defaults for OMX/cmex/m/n on input line 29.
LaTeX Font Info:    ... okay on input line 29.
LaTeX Font Info:    Checking defaults for U/cmr/m/n on input line 29.
LaTeX Font Info:    ... okay on input line 29.
LaTeX Font Info:    Checking defaults for PD1/pdf/m/n on input line 29.
LaTeX Font Info:    ... okay on input line 29.
LaTeX Font Info:    Checking defaults for PU/pdf/m/n on input line 29.
LaTeX Font Info:    ... okay on input line 29.
Class revtex4 Info: Unrecognized array package. Please update this document cla
ss! (Proceeding with fingers crossed.) on input line 29.
Class revtex4 Info: cite was not loaded (OK!) on input line 29.
Class revtex4 Info: multicol was not loaded (OK!) on input line 29.

(D:\CTEX\MiKTeX\tex\context\base\supp-pdf.mkii
[Loading MPS to PDF converter (version 2006.09.02).]
\scratchcounter=\count135
\scratchdimen=\dimen133
\scratchbox=\box44
\nofMPsegments=\count136
\nofMParguments=\count137
\everyMPshowfont=\toks29
\MPscratchCnt=\count138
\MPscratchDim=\dimen134
\MPnumerator=\count139
\makeMPintoPDFobject=\count140
\everyMPtoPDFconversion=\toks30
)
Package caption Info: Begin \AtBeginDocument code.
Package caption Info: subfig package v1.3 is loaded.
Package caption Info: Incompatible package detected (regarding \caption).
(caption)             \caption = macro:->\minipagefootnote@here \ifx \@captype 
\@undefined \@latex@error {\noexpand \caption outside float}\@ehd \expandafter 
\@gobble \else \H@refstepcounter \@captype \let \Hy@tempa \@caption \@ifundefin
ed {float@caption}{}{\expandafter \ifx \csname @float@c@\@captype \endcsname \f
loat@caption \let \Hy@tempa \Hy@float@caption \fi }\expandafter \@firstofone \f
i {\@dblarg {\Hy@tempa \@captype }}.


Package caption Warning: \caption will not be redefined since it's already
(caption)                redefined by a document class or package which is
(caption)                unknown to the caption package.
See the caption package documentation for explanation.

Package caption Info: hyperref package is loaded.
Package caption Info: listings package is loaded.
Package caption Info: End \AtBeginDocument code.
\c@lstlisting=\count141
\AtBeginShipoutBox=\box45

Package hyperref Warning: Height of page (\paperheight) is invalid (0.0pt),
(hyperref)                using 11in.

Package hyperref Info: Link coloring ON on input line 29.
(D:\CTEX\MiKTeX\tex\latex\hyperref\nameref.sty
Package: nameref 2016/05/21 v2.44 Cross-referencing by name of section

(D:\CTEX\MiKTeX\tex\generic\oberdiek\gettitlestring.sty
Package: gettitlestring 2016/05/16 v1.5 Cleanup title references (HO)
)
\c@section@level=\count142
)
LaTeX Info: Redefining \ref on input line 29.
LaTeX Info: Redefining \pageref on input line 29.
LaTeX Info: Redefining \nameref on input line 29.
 (Manual.out)
(Manual.out)
\@outlinefile=\write3
\openout3 = `Manual.out'.

LaTeX Font Info:    Try loading font information for U+msa on input line 46.
 (D:\CTEX\MiKTeX\tex\latex\amsfonts\umsa.fd
File: umsa.fd 2013/01/14 v3.01 AMS symbols A
)
LaTeX Font Info:    Try loading font information for U+msb on input line 46.

(D:\CTEX\MiKTeX\tex\latex\amsfonts\umsb.fd
File: umsb.fd 2013/01/14 v3.01 AMS symbols B
)
<intro1.png, id=44, 1029.8475pt x 804.00375pt>
File: intro1.png Graphic file (type png)
<use intro1.png>
Package pdftex.def Info: intro1.png  used on input line 50.
(pdftex.def)             Requested size: 308.95663pt x 241.20299pt.
<intro2.png, id=49, 1029.8475pt x 804.00375pt>
File: intro2.png Graphic file (type png)
<use intro2.png>
Package pdftex.def Info: intro2.png  used on input line 62.
(pdftex.def)             Requested size: 308.95663pt x 241.20299pt.
<intro3.png, id=53, 1029.8475pt x 804.00375pt>
File: intro3.png Graphic file (type png)
<use intro3.png>
Package pdftex.def Info: intro3.png  used on input line 68.
(pdftex.def)             Requested size: 308.95663pt x 241.20299pt.
<4-3-15-14_0_show.png, id=55, 513.92pt x 513.92pt>
File: 4-3-15-14_0_show.png Graphic file (type png)
<use 4-3-15-14_0_show.png>
Package pdftex.def Info: 4-3-15-14_0_show.png  used on input line 75.
(pdftex.def)             Requested size: 81.60187pt x 81.60153pt.
<4-3-15-14_300000_show.png, id=57, 513.92pt x 513.92pt>
File: 4-3-15-14_300000_show.png Graphic file (type png)
<use 4-3-15-14_300000_show.png>
Package pdftex.def Info: 4-3-15-14_300000_show.png  used on input line 76.
(pdftex.def)             Requested size: 81.60187pt x 81.60153pt.
<4-3-15-14_600000_show.png, id=58, 513.92pt x 513.92pt>
File: 4-3-15-14_600000_show.png Graphic file (type png)
<use 4-3-15-14_600000_show.png>
Package pdftex.def Info: 4-3-15-14_600000_show.png  used on input line 77.
(pdftex.def)             Requested size: 81.60187pt x 81.60153pt.
<4-3-15-14_900000_show.png, id=59, 513.92pt x 513.92pt>
File: 4-3-15-14_900000_show.png Graphic file (type png)
<use 4-3-15-14_900000_show.png>
Package pdftex.def Info: 4-3-15-14_900000_show.png  used on input line 78.
(pdftex.def)             Requested size: 81.60187pt x 81.60153pt.
<4-3-15-14_1200000_show.png, id=60, 513.92pt x 513.92pt>
File: 4-3-15-14_1200000_show.png Graphic file (type png)
<use 4-3-15-14_1200000_show.png>
Package pdftex.def Info: 4-3-15-14_1200000_show.png  used on input line 79.
(pdftex.def)             Requested size: 81.60187pt x 81.60153pt.
<4-3-15-14_1500000_show.png, id=61, 513.92pt x 513.92pt>
File: 4-3-15-14_1500000_show.png Graphic file (type png)
<use 4-3-15-14_1500000_show.png>
Package pdftex.def Info: 4-3-15-14_1500000_show.png  used on input line 80.
(pdftex.def)             Requested size: 81.60187pt x 81.60153pt.
<4-3-15-14_1800000_show.png, id=62, 513.92pt x 513.92pt>
File: 4-3-15-14_1800000_show.png Graphic file (type png)
<use 4-3-15-14_1800000_show.png>
Package pdftex.def Info: 4-3-15-14_1800000_show.png  used on input line 81.
(pdftex.def)             Requested size: 81.60187pt x 81.60153pt.
<4-3-15-14_2100000_show.png, id=63, 513.92pt x 513.92pt>
File: 4-3-15-14_2100000_show.png Graphic file (type png)
<use 4-3-15-14_2100000_show.png>
Package pdftex.def Info: 4-3-15-14_2100000_show.png  used on input line 82.
(pdftex.def)             Requested size: 81.60187pt x 81.60153pt.
<4-3-15-14_2400000_show.png, id=64, 513.92pt x 513.92pt>
File: 4-3-15-14_2400000_show.png Graphic file (type png)
<use 4-3-15-14_2400000_show.png>
Package pdftex.def Info: 4-3-15-14_2400000_show.png  used on input line 83.
(pdftex.def)             Requested size: 81.60187pt x 81.60153pt.
<4-3-15-14_2700000_show.png, id=65, 513.92pt x 513.92pt>
File: 4-3-15-14_2700000_show.png Graphic file (type png)
<use 4-3-15-14_2700000_show.png>
Package pdftex.def Info: 4-3-15-14_2700000_show.png  used on input line 84.
(pdftex.def)             Requested size: 81.60187pt x 81.60153pt.
<4-3-15-14_3000000_show.png, id=66, 513.92pt x 513.92pt>
File: 4-3-15-14_3000000_show.png Graphic file (type png)
<use 4-3-15-14_3000000_show.png>
Package pdftex.def Info: 4-3-15-14_3000000_show.png  used on input line 85.
(pdftex.def)             Requested size: 81.60187pt x 81.60153pt.
<4-3-15-14_3300000_show.png, id=67, 513.92pt x 513.92pt>
File: 4-3-15-14_3300000_show.png Graphic file (type png)
<use 4-3-15-14_3300000_show.png>
Package pdftex.def Info: 4-3-15-14_3300000_show.png  used on input line 86.
(pdftex.def)             Requested size: 81.60187pt x 81.60153pt.

(D:\CTEX\MiKTeX\tex\latex\listings\lstlang1.sty
File: lstlang1.sty 2015/06/04 1.6 listings language file
)
(D:\CTEX\MiKTeX\tex\latex\listings\lstlang2.sty
File: lstlang2.sty 2015/06/04 1.6 listings language file
)
(D:\CTEX\MiKTeX\tex\latex\listings\lstlang1.sty
File: lstlang1.sty 2015/06/04 1.6 listings language file
)
(D:\CTEX\MiKTeX\tex\latex\listings\lstlang2.sty
File: lstlang2.sty 2015/06/04 1.6 listings language file
)
(D:\CTEX\MiKTeX\tex\latex\listings\lstlang1.sty
File: lstlang1.sty 2015/06/04 1.6 listings language file
)
(D:\CTEX\MiKTeX\tex\latex\listings\lstlang2.sty
File: lstlang2.sty 2015/06/04 1.6 listings language file
)
(D:\CTEX\MiKTeX\tex\latex\listings\lstlang1.sty
File: lstlang1.sty 2015/06/04 1.6 listings language file
)
(D:\CTEX\MiKTeX\tex\latex\listings\lstlang2.sty
File: lstlang2.sty 2015/06/04 1.6 listings language file
) [1{D:/CTEX/UserData/pdftex/config/pdftex.map{Unicode.sfd}{UGBK.sfd}} <./intro
1.png (PNG copy)>] [2 <./intro2.png (PNG copy)> <./intro3.png (PNG copy)>] [3 <
./4-3-15-14_0_show.png> <./4-3-15-14_300000_show.png> <./4-3-15-14_600000_show.
png> <./4-3-15-14_900000_show.png> <./4-3-15-14_1200000_show.png> <./4-3-15-14_
1500000_show.png> <./4-3-15-14_1800000_show.png> <./4-3-15-14_2100000_show.png>
 <./4-3-15-14_2400000_show.png> <./4-3-15-14_2700000_show.png> <./4-3-15-14_300
0000_show.png> <./4-3-15-14_3300000_show.png>]
<boundary.png, id=170, 613.29124pt x 221.82875pt>
File: boundary.png Graphic file (type png)
<use boundary.png>
Package pdftex.def Info: boundary.png  used on input line 208.
(pdftex.def)             Requested size: 306.64487pt x 110.9141pt.
<intro4.png, id=172, 1451.4225pt x 719.68875pt>
File: intro4.png Graphic file (type png)
<use intro4.png>
Package pdftex.def Info: intro4.png  used on input line 218.
(pdftex.def)             Requested size: 725.70949pt x 359.84349pt.
<output1.png, id=173, 534.99875pt x 179.67125pt>
File: output1.png Graphic file (type png)
<use output1.png>
Package pdftex.def Info: output1.png  used on input line 219.
(pdftex.def)             Requested size: 267.49872pt x 89.83539pt.

Overfull \hbox (215.70949pt too wide) in paragraph at lines 218--220
 [][] 
 []


Underfull \hbox (badness 2512) in paragraph at lines 216--222
[]\OT1/cmr/m/n/10 Whenever the save but-ton is pressed or the au-tosave is trig
-gered, there will be $4$ files gen-er-ated,
 []

[4 <./boundary.png (PNG copy)>] (D:\CTEX\MiKTeX\tex\latex\listings\lstlang1.sty
File: lstlang1.sty 2015/06/04 1.6 listings language file
) [5 <./intro4.png (PNG copy)> <./output1.png (PNG copy)>]
<edges.png, id=225, 525.46312pt x 470.50781pt>
File: edges.png Graphic file (type png)
<use edges.png>
Package pdftex.def Info: edges.png  used on input line 268.
(pdftex.def)             Requested size: 262.73091pt x 235.25333pt.
<output2.png, id=227, 1323.94624pt x 764.8575pt>
File: output2.png Graphic file (type png)
<use output2.png>
Package pdftex.def Info: output2.png  used on input line 289.
(pdftex.def)             Requested size: 397.18694pt x 229.45901pt.
<parula.png, id=228, 789.95125pt x 72.27pt>
File: parula.png Graphic file (type png)
<use parula.png>
Package pdftex.def Info: parula.png  used on input line 290.
(pdftex.def)             Requested size: 394.97466pt x 36.1349pt.
<start.png, id=231, 1029.8475pt x 804.00375pt>
File: start.png Graphic file (type png)
<use start.png>
Package pdftex.def Info: start.png  used on input line 300.
(pdftex.def)             Requested size: 308.95663pt x 241.20299pt.
<4-3-22-58_0_show.png, id=232, 513.92pt x 513.92pt>
File: 4-3-22-58_0_show.png Graphic file (type png)
<use 4-3-22-58_0_show.png>
Package pdftex.def Info: 4-3-22-58_0_show.png  used on input line 306.
(pdftex.def)             Requested size: 168.30093pt x 168.30022pt.
<4-3-22-58_5000_show.png, id=233, 513.92pt x 513.92pt>
File: 4-3-22-58_5000_show.png Graphic file (type png)
<use 4-3-22-58_5000_show.png>
Package pdftex.def Info: 4-3-22-58_5000_show.png  used on input line 307.
(pdftex.def)             Requested size: 168.30093pt x 168.30022pt.
<4-3-22-58_10000_show.png, id=234, 513.92pt x 513.92pt>
File: 4-3-22-58_10000_show.png Graphic file (type png)
<use 4-3-22-58_10000_show.png>
Package pdftex.def Info: 4-3-22-58_10000_show.png  used on input line 308.
(pdftex.def)             Requested size: 168.30093pt x 168.30022pt.
<4-3-22-58_15000_show.png, id=235, 513.92pt x 513.92pt>
File: 4-3-22-58_15000_show.png Graphic file (type png)
<use 4-3-22-58_15000_show.png>
Package pdftex.def Info: 4-3-22-58_15000_show.png  used on input line 309.
(pdftex.def)             Requested size: 168.30093pt x 168.30022pt.
<4-3-22-58_20000_show.png, id=236, 513.92pt x 513.92pt>
File: 4-3-22-58_20000_show.png Graphic file (type png)
<use 4-3-22-58_20000_show.png>
Package pdftex.def Info: 4-3-22-58_20000_show.png  used on input line 310.
(pdftex.def)             Requested size: 168.30093pt x 168.30022pt.
<4-3-22-58_25000_show.png, id=237, 513.92pt x 513.92pt>
File: 4-3-22-58_25000_show.png Graphic file (type png)
<use 4-3-22-58_25000_show.png>
Package pdftex.def Info: 4-3-22-58_25000_show.png  used on input line 311.
(pdftex.def)             Requested size: 168.30093pt x 168.30022pt.
<4-3-22-59_0_show.png, id=239, 513.92pt x 513.92pt>
File: 4-3-22-59_0_show.png Graphic file (type png)
<use 4-3-22-59_0_show.png>
Package pdftex.def Info: 4-3-22-59_0_show.png  used on input line 322.
(pdftex.def)             Requested size: 122.4028pt x 122.4023pt.
<4-3-22-59_100000_show.png, id=240, 513.92pt x 513.92pt>
File: 4-3-22-59_100000_show.png Graphic file (type png)
<use 4-3-22-59_100000_show.png>
Package pdftex.def Info: 4-3-22-59_100000_show.png  used on input line 323.
(pdftex.def)             Requested size: 122.4028pt x 122.4023pt.
<4-3-22-59_200000_show.png, id=241, 513.92pt x 513.92pt>
File: 4-3-22-59_200000_show.png Graphic file (type png)
<use 4-3-22-59_200000_show.png>
Package pdftex.def Info: 4-3-22-59_200000_show.png  used on input line 324.
(pdftex.def)             Requested size: 122.4028pt x 122.4023pt.
<4-3-22-59_300000_show.png, id=242, 513.92pt x 513.92pt>
File: 4-3-22-59_300000_show.png Graphic file (type png)
<use 4-3-22-59_300000_show.png>
Package pdftex.def Info: 4-3-22-59_300000_show.png  used on input line 325.
(pdftex.def)             Requested size: 122.4028pt x 122.4023pt.
<4-3-22-59_400000_show.png, id=243, 513.92pt x 513.92pt>
File: 4-3-22-59_400000_show.png Graphic file (type png)
<use 4-3-22-59_400000_show.png>
Package pdftex.def Info: 4-3-22-59_400000_show.png  used on input line 326.
(pdftex.def)             Requested size: 122.4028pt x 122.4023pt.
<4-3-22-59_500000_show.png, id=244, 513.92pt x 513.92pt>
File: 4-3-22-59_500000_show.png Graphic file (type png)
<use 4-3-22-59_500000_show.png>
Package pdftex.def Info: 4-3-22-59_500000_show.png  used on input line 327.
(pdftex.def)             Requested size: 122.4028pt x 122.4023pt.
<4-3-22-59_600000_show.png, id=245, 513.92pt x 513.92pt>
File: 4-3-22-59_600000_show.png Graphic file (type png)
<use 4-3-22-59_600000_show.png>
Package pdftex.def Info: 4-3-22-59_600000_show.png  used on input line 328.
(pdftex.def)             Requested size: 122.4028pt x 122.4023pt.
<4-3-22-59_700000_show.png, id=246, 513.92pt x 513.92pt>
File: 4-3-22-59_700000_show.png Graphic file (type png)
<use 4-3-22-59_700000_show.png>
Package pdftex.def Info: 4-3-22-59_700000_show.png  used on input line 329.
(pdftex.def)             Requested size: 122.4028pt x 122.4023pt.
<4-3-22-59_800000_show.png, id=247, 513.92pt x 513.92pt>
File: 4-3-22-59_800000_show.png Graphic file (type png)
<use 4-3-22-59_800000_show.png>
Package pdftex.def Info: 4-3-22-59_800000_show.png  used on input line 330.
(pdftex.def)             Requested size: 122.4028pt x 122.4023pt.
<4-3-22-59_900000_show.png, id=248, 513.92pt x 513.92pt>
File: 4-3-22-59_900000_show.png Graphic file (type png)
<use 4-3-22-59_900000_show.png>
Package pdftex.def Info: 4-3-22-59_900000_show.png  used on input line 331.
(pdftex.def)             Requested size: 122.4028pt x 122.4023pt.
<4-3-22-59_1000000_show.png, id=249, 513.92pt x 513.92pt>
File: 4-3-22-59_1000000_show.png Graphic file (type png)
<use 4-3-22-59_1000000_show.png>
Package pdftex.def Info: 4-3-22-59_1000000_show.png  used on input line 332.
(pdftex.def)             Requested size: 122.4028pt x 122.4023pt.
<4-3-22-59_1100000_show.png, id=250, 513.92pt x 513.92pt>
File: 4-3-22-59_1100000_show.png Graphic file (type png)
<use 4-3-22-59_1100000_show.png>
Package pdftex.def Info: 4-3-22-59_1100000_show.png  used on input line 333.
(pdftex.def)             Requested size: 122.4028pt x 122.4023pt.
<4-3-23-26_0_show.png, id=252, 513.92pt x 513.92pt>
File: 4-3-23-26_0_show.png Graphic file (type png)
<use 4-3-23-26_0_show.png>
Package pdftex.def Info: 4-3-23-26_0_show.png  used on input line 344.
(pdftex.def)             Requested size: 122.4028pt x 122.4023pt.
<4-3-23-26_20000_show.png, id=253, 513.92pt x 513.92pt>
File: 4-3-23-26_20000_show.png Graphic file (type png)
<use 4-3-23-26_20000_show.png>
Package pdftex.def Info: 4-3-23-26_20000_show.png  used on input line 345.
(pdftex.def)             Requested size: 122.4028pt x 122.4023pt.
<4-3-23-26_40000_show.png, id=254, 513.92pt x 513.92pt>
File: 4-3-23-26_40000_show.png Graphic file (type png)
<use 4-3-23-26_40000_show.png>
Package pdftex.def Info: 4-3-23-26_40000_show.png  used on input line 346.
(pdftex.def)             Requested size: 122.4028pt x 122.4023pt.
<4-3-23-26_60000_show.png, id=255, 513.92pt x 513.92pt>
File: 4-3-23-26_60000_show.png Graphic file (type png)
<use 4-3-23-26_60000_show.png>
Package pdftex.def Info: 4-3-23-26_60000_show.png  used on input line 347.
(pdftex.def)             Requested size: 122.4028pt x 122.4023pt.
<4-3-23-26_80000_show.png, id=256, 513.92pt x 513.92pt>
File: 4-3-23-26_80000_show.png Graphic file (type png)
<use 4-3-23-26_80000_show.png>
Package pdftex.def Info: 4-3-23-26_80000_show.png  used on input line 348.
(pdftex.def)             Requested size: 122.4028pt x 122.4023pt.
<4-3-23-26_100000_show.png, id=257, 513.92pt x 513.92pt>
File: 4-3-23-26_100000_show.png Graphic file (type png)
<use 4-3-23-26_100000_show.png>
Package pdftex.def Info: 4-3-23-26_100000_show.png  used on input line 349.
(pdftex.def)             Requested size: 122.4028pt x 122.4023pt.
<4-3-23-26_120000_show.png, id=258, 513.92pt x 513.92pt>
File: 4-3-23-26_120000_show.png Graphic file (type png)
<use 4-3-23-26_120000_show.png>
Package pdftex.def Info: 4-3-23-26_120000_show.png  used on input line 350.
(pdftex.def)             Requested size: 122.4028pt x 122.4023pt.
<4-3-23-26_140000_show.png, id=259, 513.92pt x 513.92pt>
File: 4-3-23-26_140000_show.png Graphic file (type png)
<use 4-3-23-26_140000_show.png>
Package pdftex.def Info: 4-3-23-26_140000_show.png  used on input line 351.
(pdftex.def)             Requested size: 122.4028pt x 122.4023pt.
<4-3-23-26_160000_show.png, id=260, 513.92pt x 513.92pt>
File: 4-3-23-26_160000_show.png Graphic file (type png)
<use 4-3-23-26_160000_show.png>
Package pdftex.def Info: 4-3-23-26_160000_show.png  used on input line 352.
(pdftex.def)             Requested size: 122.4028pt x 122.4023pt.
<4-3-23-26_180000_show.png, id=261, 513.92pt x 513.92pt>
File: 4-3-23-26_180000_show.png Graphic file (type png)
<use 4-3-23-26_180000_show.png>
Package pdftex.def Info: 4-3-23-26_180000_show.png  used on input line 353.
(pdftex.def)             Requested size: 122.4028pt x 122.4023pt.
<4-3-23-26_200000_show.png, id=262, 513.92pt x 513.92pt>
File: 4-3-23-26_200000_show.png Graphic file (type png)
<use 4-3-23-26_200000_show.png>
Package pdftex.def Info: 4-3-23-26_200000_show.png  used on input line 354.
(pdftex.def)             Requested size: 122.4028pt x 122.4023pt.
<4-3-23-26_220000_show.png, id=263, 513.92pt x 513.92pt>
File: 4-3-23-26_220000_show.png Graphic file (type png)
<use 4-3-23-26_220000_show.png>
Package pdftex.def Info: 4-3-23-26_220000_show.png  used on input line 355.
(pdftex.def)             Requested size: 122.4028pt x 122.4023pt.
 [6 <./edges.png (PNG copy)>]
<4-3-23-29_0_show.png, id=294, 513.92pt x 513.92pt>
File: 4-3-23-29_0_show.png Graphic file (type png)
<use 4-3-23-29_0_show.png>
Package pdftex.def Info: 4-3-23-29_0_show.png  used on input line 366.
(pdftex.def)             Requested size: 122.4028pt x 122.4023pt.
<4-3-23-29_20000_show.png, id=295, 513.92pt x 513.92pt>
File: 4-3-23-29_20000_show.png Graphic file (type png)
<use 4-3-23-29_20000_show.png>
Package pdftex.def Info: 4-3-23-29_20000_show.png  used on input line 367.
(pdftex.def)             Requested size: 122.4028pt x 122.4023pt.
<4-3-23-29_40000_show.png, id=296, 513.92pt x 513.92pt>
File: 4-3-23-29_40000_show.png Graphic file (type png)
<use 4-3-23-29_40000_show.png>
Package pdftex.def Info: 4-3-23-29_40000_show.png  used on input line 368.
(pdftex.def)             Requested size: 122.4028pt x 122.4023pt.
<4-3-23-29_60000_show.png, id=297, 513.92pt x 513.92pt>
File: 4-3-23-29_60000_show.png Graphic file (type png)
<use 4-3-23-29_60000_show.png>
Package pdftex.def Info: 4-3-23-29_60000_show.png  used on input line 369.
(pdftex.def)             Requested size: 122.4028pt x 122.4023pt.
<4-3-23-29_80000_show.png, id=298, 513.92pt x 513.92pt>
File: 4-3-23-29_80000_show.png Graphic file (type png)
<use 4-3-23-29_80000_show.png>
Package pdftex.def Info: 4-3-23-29_80000_show.png  used on input line 370.
(pdftex.def)             Requested size: 122.4028pt x 122.4023pt.
<4-3-23-29_100000_show.png, id=299, 513.92pt x 513.92pt>
File: 4-3-23-29_100000_show.png Graphic file (type png)
<use 4-3-23-29_100000_show.png>
Package pdftex.def Info: 4-3-23-29_100000_show.png  used on input line 371.
(pdftex.def)             Requested size: 122.4028pt x 122.4023pt.
<4-3-23-29_120000_show.png, id=300, 513.92pt x 513.92pt>
File: 4-3-23-29_120000_show.png Graphic file (type png)
<use 4-3-23-29_120000_show.png>
Package pdftex.def Info: 4-3-23-29_120000_show.png  used on input line 372.
(pdftex.def)             Requested size: 122.4028pt x 122.4023pt.
<4-3-23-29_140000_show.png, id=301, 513.92pt x 513.92pt>
File: 4-3-23-29_140000_show.png Graphic file (type png)
<use 4-3-23-29_140000_show.png>
Package pdftex.def Info: 4-3-23-29_140000_show.png  used on input line 373.
(pdftex.def)             Requested size: 122.4028pt x 122.4023pt.
<4-3-23-29_160000_show.png, id=302, 513.92pt x 513.92pt>
File: 4-3-23-29_160000_show.png Graphic file (type png)
<use 4-3-23-29_160000_show.png>
Package pdftex.def Info: 4-3-23-29_160000_show.png  used on input line 374.
(pdftex.def)             Requested size: 122.4028pt x 122.4023pt.
<4-3-23-29_180000_show.png, id=303, 513.92pt x 513.92pt>
File: 4-3-23-29_180000_show.png Graphic file (type png)
<use 4-3-23-29_180000_show.png>
Package pdftex.def Info: 4-3-23-29_180000_show.png  used on input line 375.
(pdftex.def)             Requested size: 122.4028pt x 122.4023pt.
<4-3-23-29_200000_show.png, id=304, 513.92pt x 513.92pt>
File: 4-3-23-29_200000_show.png Graphic file (type png)
<use 4-3-23-29_200000_show.png>
Package pdftex.def Info: 4-3-23-29_200000_show.png  used on input line 376.
(pdftex.def)             Requested size: 122.4028pt x 122.4023pt.
<4-3-23-29_220000_show.png, id=305, 513.92pt x 513.92pt>
File: 4-3-23-29_220000_show.png Graphic file (type png)
<use 4-3-23-29_220000_show.png>
Package pdftex.def Info: 4-3-23-29_220000_show.png  used on input line 377.
(pdftex.def)             Requested size: 122.4028pt x 122.4023pt.
 [7 <./output2.png (PNG copy)> <./parula.png (PNG copy)> <./start.png (PNG copy
)>]
Package atveryend Info: Empty hook `BeforeClearDocument' on input line 383.
 [8 <./4-3-22-58_0_show.png> <./4-3-22-58_5000_show.png> <./4-3-22-58_10000_sho
w.png> <./4-3-22-58_15000_show.png> <./4-3-22-58_20000_show.png> <./4-3-22-58_2
5000_show.png>]
Package atveryend Info: Empty hook `AfterLastShipout' on input line 383.
 [9 <./4-3-22-59_0_show.png> <./4-3-22-59_100000_show.png> <./4-3-22-59_200000_
show.png> <./4-3-22-59_300000_show.png> <./4-3-22-59_400000_show.png> <./4-3-22
-59_500000_show.png> <./4-3-22-59_600000_show.png> <./4-3-22-59_700000_show.png
> <./4-3-22-59_800000_show.png> <./4-3-22-59_900000_show.png> <./4-3-22-59_1000
000_show.png> <./4-3-22-59_1100000_show.png>]
[10 <./4-3-23-26_0_show.png> <./4-3-23-26_20000_show.png> <./4-3-23-26_40000_sh
ow.png> <./4-3-23-26_60000_show.png> <./4-3-23-26_80000_show.png> <./4-3-23-26_
100000_show.png> <./4-3-23-26_120000_show.png> <./4-3-23-26_140000_show.png> <.
/4-3-23-26_160000_show.png> <./4-3-23-26_180000_show.png> <./4-3-23-26_200000_s
how.png> <./4-3-23-26_220000_show.png>] [11 <./4-3-23-29_0_show.png> <./4-3-23-
29_20000_show.png> <./4-3-23-29_40000_show.png> <./4-3-23-29_60000_show.png> <.
/4-3-23-29_80000_show.png> <./4-3-23-29_100000_show.png> <./4-3-23-29_120000_sh
ow.png> <./4-3-23-29_140000_show.png> <./4-3-23-29_160000_show.png> <./4-3-23-2
9_180000_show.png> <./4-3-23-29_200000_show.png> <./4-3-23-29_220000_show.png>]
(Manual.aux)
Package atveryend Info: Executing hook `AtVeryEndDocument' on input line 383.
Package atveryend Info: Executing hook `AtEndAfterFileList' on input line 383.
Package rerunfilecheck Info: File `Manual.out' has not changed.
(rerunfilecheck)             Checksum: 8AB380EB094EF6F2456805003004AC6B;1285.
 ) 
Here is how much of TeX's memory you used:
 15384 strings out of 493310
 216045 string characters out of 3144686
 482576 words of memory out of 3000000
 18486 multiletter control sequences out of 15000+200000
 14425 words of font info for 54 fonts, out of 3000000 for 9000
 1144 hyphenation exceptions out of 8191
 45i,11n,67p,600b,2274s stack positions out of 5000i,500n,10000p,200000b,50000s
<D:/CTEX/MiKTeX/fonts/type1/public/amsfonts/cm/cmbx10.pfb><D:/CTEX/MiKTeX/fon
ts/type1/public/amsfonts/cm/cmbx12.pfb><D:/CTEX/MiKTeX/fonts/type1/public/amsfo
nts/cm/cmbx9.pfb><D:/CTEX/MiKTeX/fonts/type1/public/amsfonts/cm/cmex10.pfb><D:/
CTEX/MiKTeX/fonts/type1/public/amsfonts/cm/cmmi10.pfb><D:/CTEX/MiKTeX/fonts/typ
e1/public/amsfonts/cm/cmmi7.pfb><D:/CTEX/MiKTeX/fonts/type1/public/amsfonts/cm/
cmmi8.pfb><D:/CTEX/MiKTeX/fonts/type1/public/amsfonts/cm/cmr10.pfb><D:/CTEX/MiK
TeX/fonts/type1/public/amsfonts/cm/cmr5.pfb><D:/CTEX/MiKTeX/fonts/type1/public/
amsfonts/cm/cmr7.pfb><D:/CTEX/MiKTeX/fonts/type1/public/amsfonts/cm/cmr8.pfb><D
:/CTEX/MiKTeX/fonts/type1/public/amsfonts/cm/cmr9.pfb><D:/CTEX/MiKTeX/fonts/typ
e1/public/amsfonts/cm/cmsy10.pfb><D:/CTEX/MiKTeX/fonts/type1/public/amsfonts/cm
/cmtt8.pfb>
Output written on Manual.pdf (11 pages, 29004598 bytes).
PDF statistics:
 499 PDF objects out of 1000 (max. 8388607)
 194 named destinations out of 1000 (max. 500000)
 401 words of extra memory for PDF output out of 10000 (max. 10000000)

